sfml-graphics-s-d.lib(RenderStates.obj) : error LNK2038: Zjištěná neshoda u _ITERATOR_DEBUG_LEVEL: hodnota 2 se neshoduje s hodnotou 0 v main.obj.
sfml-graphics-s-d.lib(RenderStates.obj) : error LNK2038: Zjištěná neshoda u RuntimeLibrary: hodnota MDd_DynamicDebug se neshoduje s hodnotou MD_DynamicRelease v main.obj.
sfml-graphics-s-d.lib(Transformable.obj) : error LNK2038: Zjištěná neshoda u _ITERATOR_DEBUG_LEVEL: hodnota 2 se neshoduje s hodnotou 0 v main.obj.
sfml-graphics-s-d.lib(Transformable.obj) : error LNK2038: Zjištěná neshoda u RuntimeLibrary: hodnota MDd_DynamicDebug se neshoduje s hodnotou MD_DynamicRelease v main.obj.
sfml-graphics-s-d.lib(Texture.obj) : error LNK2038: Zjištěná neshoda u _ITERATOR_DEBUG_LEVEL: hodnota 2 se neshoduje s hodnotou 0 v main.obj.
sfml-graphics-s-d.lib(Texture.obj) : error LNK2038: Zjištěná neshoda u RuntimeLibrary: hodnota MDd_DynamicDebug se neshoduje s hodnotou MD_DynamicRelease v main.obj.
sfml-graphics-s-d.lib(RenderWindow.obj) : error LNK2038: Zjištěná neshoda u _ITERATOR_DEBUG_LEVEL: hodnota 2 se neshoduje s hodnotou 0 v main.obj.
sfml-graphics-s-d.lib(RenderWindow.obj) : error LNK2038: Zjištěná neshoda u RuntimeLibrary: hodnota MDd_DynamicDebug se neshoduje s hodnotou MD_DynamicRelease v main.obj.
sfml-graphics-s-d.lib(Color.obj) : error LNK2038: Zjištěná neshoda u _ITERATOR_DEBUG_LEVEL: hodnota 2 se neshoduje s hodnotou 0 v main.obj.
sfml-graphics-s-d.lib(Color.obj) : error LNK2038: Zjištěná neshoda u RuntimeLibrary: hodnota MDd_DynamicDebug se neshoduje s hodnotou MD_DynamicRelease v main.obj.
sfml-graphics-s-d.lib(RenderTarget.obj) : error LNK2038: Zjištěná neshoda u _ITERATOR_DEBUG_LEVEL: hodnota 2 se neshoduje s hodnotou 0 v main.obj.
sfml-graphics-s-d.lib(RenderTarget.obj) : error LNK2038: Zjištěná neshoda u RuntimeLibrary: hodnota MDd_DynamicDebug se neshoduje s hodnotou MD_DynamicRelease v main.obj.
sfml-graphics-s-d.lib(Shape.obj) : error LNK2038: Zjištěná neshoda u _ITERATOR_DEBUG_LEVEL: hodnota 2 se neshoduje s hodnotou 0 v main.obj.
sfml-graphics-s-d.lib(Shape.obj) : error LNK2038: Zjištěná neshoda u RuntimeLibrary: hodnota MDd_DynamicDebug se neshoduje s hodnotou MD_DynamicRelease v main.obj.
sfml-graphics-s-d.lib(RectangleShape.obj) : error LNK2038: Zjištěná neshoda u _ITERATOR_DEBUG_LEVEL: hodnota 2 se neshoduje s hodnotou 0 v main.obj.
sfml-graphics-s-d.lib(RectangleShape.obj) : error LNK2038: Zjištěná neshoda u RuntimeLibrary: hodnota MDd_DynamicDebug se neshoduje s hodnotou MD_DynamicRelease v main.obj.
sfml-graphics-s-d.lib(Sprite.obj) : error LNK2038: Zjištěná neshoda u _ITERATOR_DEBUG_LEVEL: hodnota 2 se neshoduje s hodnotou 0 v main.obj.
sfml-graphics-s-d.lib(Sprite.obj) : error LNK2038: Zjištěná neshoda u RuntimeLibrary: hodnota MDd_DynamicDebug se neshoduje s hodnotou MD_DynamicRelease v main.obj.
sfml-graphics-s-d.lib(Transform.obj) : error LNK2038: Zjištěná neshoda u _ITERATOR_DEBUG_LEVEL: hodnota 2 se neshoduje s hodnotou 0 v main.obj.
sfml-graphics-s-d.lib(Transform.obj) : error LNK2038: Zjištěná neshoda u RuntimeLibrary: hodnota MDd_DynamicDebug se neshoduje s hodnotou MD_DynamicRelease v main.obj.
sfml-graphics-s-d.lib(Image.obj) : error LNK2038: Zjištěná neshoda u _ITERATOR_DEBUG_LEVEL: hodnota 2 se neshoduje s hodnotou 0 v main.obj.
sfml-graphics-s-d.lib(Image.obj) : error LNK2038: Zjištěná neshoda u RuntimeLibrary: hodnota MDd_DynamicDebug se neshoduje s hodnotou MD_DynamicRelease v main.obj.
sfml-graphics-s-d.lib(GLExtensions.obj) : error LNK2038: Zjištěná neshoda u _ITERATOR_DEBUG_LEVEL: hodnota 2 se neshoduje s hodnotou 0 v main.obj.
sfml-graphics-s-d.lib(GLExtensions.obj) : error LNK2038: Zjištěná neshoda u RuntimeLibrary: hodnota MDd_DynamicDebug se neshoduje s hodnotou MD_DynamicRelease v main.obj.
sfml-graphics-s-d.lib(GLCheck.obj) : error LNK2038: Zjištěná neshoda u _ITERATOR_DEBUG_LEVEL: hodnota 2 se neshoduje s hodnotou 0 v main.obj.
sfml-graphics-s-d.lib(GLCheck.obj) : error LNK2038: Zjištěná neshoda u RuntimeLibrary: hodnota MDd_DynamicDebug se neshoduje s hodnotou MD_DynamicRelease v main.obj.
sfml-graphics-s-d.lib(RenderTextureImplFBO.obj) : error LNK2038: Zjištěná neshoda u _ITERATOR_DEBUG_LEVEL: hodnota 2 se neshoduje s hodnotou 0 v main.obj.
sfml-graphics-s-d.lib(RenderTextureImplFBO.obj) : error LNK2038: Zjištěná neshoda u RuntimeLibrary: hodnota MDd_DynamicDebug se neshoduje s hodnotou MD_DynamicRelease v main.obj.
sfml-graphics-s-d.lib(View.obj) : error LNK2038: Zjištěná neshoda u _ITERATOR_DEBUG_LEVEL: hodnota 2 se neshoduje s hodnotou 0 v main.obj.
sfml-graphics-s-d.lib(View.obj) : error LNK2038: Zjištěná neshoda u RuntimeLibrary: hodnota MDd_DynamicDebug se neshoduje s hodnotou MD_DynamicRelease v main.obj.
sfml-graphics-s-d.lib(Shader.obj) : error LNK2038: Zjištěná neshoda u _ITERATOR_DEBUG_LEVEL: hodnota 2 se neshoduje s hodnotou 0 v main.obj.
sfml-graphics-s-d.lib(Shader.obj) : error LNK2038: Zjištěná neshoda u RuntimeLibrary: hodnota MDd_DynamicDebug se neshoduje s hodnotou MD_DynamicRelease v main.obj.
sfml-graphics-s-d.lib(VertexBuffer.obj) : error LNK2038: Zjištěná neshoda u _ITERATOR_DEBUG_LEVEL: hodnota 2 se neshoduje s hodnotou 0 v main.obj.
sfml-graphics-s-d.lib(VertexBuffer.obj) : error LNK2038: Zjištěná neshoda u RuntimeLibrary: hodnota MDd_DynamicDebug se neshoduje s hodnotou MD_DynamicRelease v main.obj.
sfml-graphics-s-d.lib(VertexArray.obj) : error LNK2038: Zjištěná neshoda u _ITERATOR_DEBUG_LEVEL: hodnota 2 se neshoduje s hodnotou 0 v main.obj.
sfml-graphics-s-d.lib(VertexArray.obj) : error LNK2038: Zjištěná neshoda u RuntimeLibrary: hodnota MDd_DynamicDebug se neshoduje s hodnotou MD_DynamicRelease v main.obj.
sfml-graphics-s-d.lib(ImageLoader.obj) : error LNK2038: Zjištěná neshoda u _ITERATOR_DEBUG_LEVEL: hodnota 2 se neshoduje s hodnotou 0 v main.obj.
sfml-graphics-s-d.lib(ImageLoader.obj) : error LNK2038: Zjištěná neshoda u RuntimeLibrary: hodnota MDd_DynamicDebug se neshoduje s hodnotou MD_DynamicRelease v main.obj.
sfml-graphics-s-d.lib(Glsl.obj) : error LNK2038: Zjištěná neshoda u _ITERATOR_DEBUG_LEVEL: hodnota 2 se neshoduje s hodnotou 0 v main.obj.
sfml-graphics-s-d.lib(Glsl.obj) : error LNK2038: Zjištěná neshoda u RuntimeLibrary: hodnota MDd_DynamicDebug se neshoduje s hodnotou MD_DynamicRelease v main.obj.
sfml-window-s-d.lib(Window.obj) : error LNK2038: Zjištěná neshoda u _ITERATOR_DEBUG_LEVEL: hodnota 2 se neshoduje s hodnotou 0 v main.obj.
sfml-window-s-d.lib(Window.obj) : error LNK2038: Zjištěná neshoda u RuntimeLibrary: hodnota MDd_DynamicDebug se neshoduje s hodnotou MD_DynamicRelease v main.obj.
sfml-window-s-d.lib(WindowBase.obj) : error LNK2038: Zjištěná neshoda u _ITERATOR_DEBUG_LEVEL: hodnota 2 se neshoduje s hodnotou 0 v main.obj.
sfml-window-s-d.lib(WindowBase.obj) : error LNK2038: Zjištěná neshoda u RuntimeLibrary: hodnota MDd_DynamicDebug se neshoduje s hodnotou MD_DynamicRelease v main.obj.
sfml-window-s-d.lib(Keyboard.obj) : error LNK2038: Zjištěná neshoda u _ITERATOR_DEBUG_LEVEL: hodnota 2 se neshoduje s hodnotou 0 v main.obj.
sfml-window-s-d.lib(Keyboard.obj) : error LNK2038: Zjištěná neshoda u RuntimeLibrary: hodnota MDd_DynamicDebug se neshoduje s hodnotou MD_DynamicRelease v main.obj.
sfml-window-s-d.lib(VideoMode.obj) : error LNK2038: Zjištěná neshoda u _ITERATOR_DEBUG_LEVEL: hodnota 2 se neshoduje s hodnotou 0 v main.obj.
sfml-window-s-d.lib(VideoMode.obj) : error LNK2038: Zjištěná neshoda u RuntimeLibrary: hodnota MDd_DynamicDebug se neshoduje s hodnotou MD_DynamicRelease v main.obj.
sfml-window-s-d.lib(GlContext.obj) : error LNK2038: Zjištěná neshoda u _ITERATOR_DEBUG_LEVEL: hodnota 2 se neshoduje s hodnotou 0 v main.obj.
sfml-window-s-d.lib(GlContext.obj) : error LNK2038: Zjištěná neshoda u RuntimeLibrary: hodnota MDd_DynamicDebug se neshoduje s hodnotou MD_DynamicRelease v main.obj.
sfml-window-s-d.lib(WindowImpl.obj) : error LNK2038: Zjištěná neshoda u _ITERATOR_DEBUG_LEVEL: hodnota 2 se neshoduje s hodnotou 0 v main.obj.
sfml-window-s-d.lib(WindowImpl.obj) : error LNK2038: Zjištěná neshoda u RuntimeLibrary: hodnota MDd_DynamicDebug se neshoduje s hodnotou MD_DynamicRelease v main.obj.
sfml-window-s-d.lib(InputImpl.obj) : error LNK2038: Zjištěná neshoda u _ITERATOR_DEBUG_LEVEL: hodnota 2 se neshoduje s hodnotou 0 v main.obj.
sfml-window-s-d.lib(InputImpl.obj) : error LNK2038: Zjištěná neshoda u RuntimeLibrary: hodnota MDd_DynamicDebug se neshoduje s hodnotou MD_DynamicRelease v main.obj.
sfml-window-s-d.lib(VideoModeImpl.obj) : error LNK2038: Zjištěná neshoda u _ITERATOR_DEBUG_LEVEL: hodnota 2 se neshoduje s hodnotou 0 v main.obj.
sfml-window-s-d.lib(VideoModeImpl.obj) : error LNK2038: Zjištěná neshoda u RuntimeLibrary: hodnota MDd_DynamicDebug se neshoduje s hodnotou MD_DynamicRelease v main.obj.
sfml-window-s-d.lib(WglContext.obj) : error LNK2038: Zjištěná neshoda u _ITERATOR_DEBUG_LEVEL: hodnota 2 se neshoduje s hodnotou 0 v main.obj.
sfml-window-s-d.lib(WglContext.obj) : error LNK2038: Zjištěná neshoda u RuntimeLibrary: hodnota MDd_DynamicDebug se neshoduje s hodnotou MD_DynamicRelease v main.obj.
sfml-window-s-d.lib(JoystickManager.obj) : error LNK2038: Zjištěná neshoda u _ITERATOR_DEBUG_LEVEL: hodnota 2 se neshoduje s hodnotou 0 v main.obj.
sfml-window-s-d.lib(JoystickManager.obj) : error LNK2038: Zjištěná neshoda u RuntimeLibrary: hodnota MDd_DynamicDebug se neshoduje s hodnotou MD_DynamicRelease v main.obj.
sfml-window-s-d.lib(SensorManager.obj) : error LNK2038: Zjištěná neshoda u _ITERATOR_DEBUG_LEVEL: hodnota 2 se neshoduje s hodnotou 0 v main.obj.
sfml-window-s-d.lib(SensorManager.obj) : error LNK2038: Zjištěná neshoda u RuntimeLibrary: hodnota MDd_DynamicDebug se neshoduje s hodnotou MD_DynamicRelease v main.obj.
sfml-window-s-d.lib(WindowImplWin32.obj) : error LNK2038: Zjištěná neshoda u _ITERATOR_DEBUG_LEVEL: hodnota 2 se neshoduje s hodnotou 0 v main.obj.
sfml-window-s-d.lib(WindowImplWin32.obj) : error LNK2038: Zjištěná neshoda u RuntimeLibrary: hodnota MDd_DynamicDebug se neshoduje s hodnotou MD_DynamicRelease v main.obj.
sfml-window-s-d.lib(VulkanImplWin32.obj) : error LNK2038: Zjištěná neshoda u _ITERATOR_DEBUG_LEVEL: hodnota 2 se neshoduje s hodnotou 0 v main.obj.
sfml-window-s-d.lib(VulkanImplWin32.obj) : error LNK2038: Zjištěná neshoda u RuntimeLibrary: hodnota MDd_DynamicDebug se neshoduje s hodnotou MD_DynamicRelease v main.obj.
sfml-window-s-d.lib(CursorImpl.obj) : error LNK2038: Zjištěná neshoda u _ITERATOR_DEBUG_LEVEL: hodnota 2 se neshoduje s hodnotou 0 v main.obj.
sfml-window-s-d.lib(CursorImpl.obj) : error LNK2038: Zjištěná neshoda u RuntimeLibrary: hodnota MDd_DynamicDebug se neshoduje s hodnotou MD_DynamicRelease v main.obj.
sfml-window-s-d.lib(Joystick.obj) : error LNK2038: Zjištěná neshoda u _ITERATOR_DEBUG_LEVEL: hodnota 2 se neshoduje s hodnotou 0 v main.obj.
sfml-window-s-d.lib(Joystick.obj) : error LNK2038: Zjištěná neshoda u RuntimeLibrary: hodnota MDd_DynamicDebug se neshoduje s hodnotou MD_DynamicRelease v main.obj.
sfml-window-s-d.lib(JoystickImpl.obj) : error LNK2038: Zjištěná neshoda u _ITERATOR_DEBUG_LEVEL: hodnota 2 se neshoduje s hodnotou 0 v main.obj.
sfml-window-s-d.lib(JoystickImpl.obj) : error LNK2038: Zjištěná neshoda u RuntimeLibrary: hodnota MDd_DynamicDebug se neshoduje s hodnotou MD_DynamicRelease v main.obj.
sfml-system-s-d.lib(String.obj) : error LNK2038: Zjištěná neshoda u _ITERATOR_DEBUG_LEVEL: hodnota 2 se neshoduje s hodnotou 0 v main.obj.
sfml-system-s-d.lib(String.obj) : error LNK2038: Zjištěná neshoda u RuntimeLibrary: hodnota MDd_DynamicDebug se neshoduje s hodnotou MD_DynamicRelease v main.obj.
sfml-system-s-d.lib(Err.obj) : error LNK2038: Zjištěná neshoda u _ITERATOR_DEBUG_LEVEL: hodnota 2 se neshoduje s hodnotou 0 v main.obj.
sfml-system-s-d.lib(Err.obj) : error LNK2038: Zjištěná neshoda u RuntimeLibrary: hodnota MDd_DynamicDebug se neshoduje s hodnotou MD_DynamicRelease v main.obj.
LINK : warning LNK4098: Výchozí knihovna MSVCRTD je v konfliktu s použitím jiných knihoven. Použijte /NODEFAULTLIB:library.
sfml-window-s-d.lib(JoystickImpl.obj) : error LNK2001: Nerozpoznaný externí symbol __imp__invalid_parameter
sfml-system-s-d.lib(String.obj) : error LNK2001: Nerozpoznaný externí symbol __imp__invalid_parameter
sfml-window-s-d.lib(WglContext.obj) : error LNK2001: Nerozpoznaný externí symbol __imp__invalid_parameter
sfml-window-s-d.lib(JoystickManager.obj) : error LNK2001: Nerozpoznaný externí symbol __imp__invalid_parameter
sfml-window-s-d.lib(WindowImplWin32.obj) : error LNK2001: Nerozpoznaný externí symbol __imp__invalid_parameter
sfml-window-s-d.lib(VulkanImplWin32.obj) : error LNK2001: Nerozpoznaný externí symbol __imp__invalid_parameter
sfml-window-s-d.lib(VideoMode.obj) : error LNK2001: Nerozpoznaný externí symbol __imp__invalid_parameter
sfml-window-s-d.lib(GlContext.obj) : error LNK2001: Nerozpoznaný externí symbol __imp__invalid_parameter
sfml-window-s-d.lib(WindowImpl.obj) : error LNK2001: Nerozpoznaný externí symbol __imp__invalid_parameter
sfml-window-s-d.lib(VideoModeImpl.obj) : error LNK2001: Nerozpoznaný externí symbol __imp__invalid_parameter
sfml-graphics-s-d.lib(ImageLoader.obj) : error LNK2001: Nerozpoznaný externí symbol __imp__invalid_parameter
sfml-graphics-s-d.lib(Glsl.obj) : error LNK2001: Nerozpoznaný externí symbol __imp__invalid_parameter
sfml-window-s-d.lib(Window.obj) : error LNK2001: Nerozpoznaný externí symbol __imp__invalid_parameter
sfml-window-s-d.lib(WindowBase.obj) : error LNK2001: Nerozpoznaný externí symbol __imp__invalid_parameter
sfml-graphics-s-d.lib(GLCheck.obj) : error LNK2001: Nerozpoznaný externí symbol __imp__invalid_parameter
sfml-graphics-s-d.lib(RenderTextureImplFBO.obj) : error LNK2001: Nerozpoznaný externí symbol __imp__invalid_parameter
sfml-graphics-s-d.lib(Shader.obj) : error LNK2001: Nerozpoznaný externí symbol __imp__invalid_parameter
sfml-graphics-s-d.lib(VertexArray.obj) : error LNK2001: Nerozpoznaný externí symbol __imp__invalid_parameter
sfml-graphics-s-d.lib(Texture.obj) : error LNK2001: Nerozpoznaný externí symbol __imp__invalid_parameter
sfml-graphics-s-d.lib(RenderTarget.obj) : error LNK2001: Nerozpoznaný externí symbol __imp__invalid_parameter
sfml-graphics-s-d.lib(Shape.obj) : error LNK2001: Nerozpoznaný externí symbol __imp__invalid_parameter
sfml-graphics-s-d.lib(Image.obj) : error LNK2001: Nerozpoznaný externí symbol __imp__invalid_parameter
sfml-system-s-d.lib(String.obj) : error LNK2001: Nerozpoznaný externí symbol __imp__calloc_dbg
sfml-window-s-d.lib(JoystickManager.obj) : error LNK2001: Nerozpoznaný externí symbol __imp__calloc_dbg
sfml-window-s-d.lib(WindowImplWin32.obj) : error LNK2001: Nerozpoznaný externí symbol __imp__calloc_dbg
sfml-window-s-d.lib(Joystick.obj) : error LNK2001: Nerozpoznaný externí symbol __imp__calloc_dbg
sfml-window-s-d.lib(JoystickImpl.obj) : error LNK2001: Nerozpoznaný externí symbol __imp__calloc_dbg
sfml-window-s-d.lib(Keyboard.obj) : error LNK2001: Nerozpoznaný externí symbol __imp__calloc_dbg
sfml-window-s-d.lib(WindowImpl.obj) : error LNK2001: Nerozpoznaný externí symbol __imp__calloc_dbg
sfml-window-s-d.lib(InputImpl.obj) : error LNK2001: Nerozpoznaný externí symbol __imp__calloc_dbg
sfml-window-s-d.lib(WglContext.obj) : error LNK2001: Nerozpoznaný externí symbol __imp__calloc_dbg
sfml-graphics-s-d.lib(Texture.obj) : error LNK2001: Nerozpoznaný externí symbol __imp__calloc_dbg
sfml-graphics-s-d.lib(RenderWindow.obj) : error LNK2001: Nerozpoznaný externí symbol __imp__calloc_dbg
sfml-window-s-d.lib(Window.obj) : error LNK2001: Nerozpoznaný externí symbol __imp__calloc_dbg
sfml-window-s-d.lib(WindowBase.obj) : error LNK2001: Nerozpoznaný externí symbol __imp__calloc_dbg
sfml-window-s-d.lib(JoystickImpl.obj) : error LNK2001: Nerozpoznaný externí symbol __imp__CrtDbgReport
sfml-system-s-d.lib(String.obj) : error LNK2001: Nerozpoznaný externí symbol __imp__CrtDbgReport
sfml-window-s-d.lib(WglContext.obj) : error LNK2001: Nerozpoznaný externí symbol __imp__CrtDbgReport
sfml-window-s-d.lib(JoystickManager.obj) : error LNK2001: Nerozpoznaný externí symbol __imp__CrtDbgReport
sfml-window-s-d.lib(WindowImplWin32.obj) : error LNK2001: Nerozpoznaný externí symbol __imp__CrtDbgReport
sfml-window-s-d.lib(VulkanImplWin32.obj) : error LNK2001: Nerozpoznaný externí symbol __imp__CrtDbgReport
sfml-window-s-d.lib(VideoMode.obj) : error LNK2001: Nerozpoznaný externí symbol __imp__CrtDbgReport
sfml-window-s-d.lib(GlContext.obj) : error LNK2001: Nerozpoznaný externí symbol __imp__CrtDbgReport
sfml-window-s-d.lib(WindowImpl.obj) : error LNK2001: Nerozpoznaný externí symbol __imp__CrtDbgReport
sfml-window-s-d.lib(VideoModeImpl.obj) : error LNK2001: Nerozpoznaný externí symbol __imp__CrtDbgReport
sfml-graphics-s-d.lib(ImageLoader.obj) : error LNK2001: Nerozpoznaný externí symbol __imp__CrtDbgReport
sfml-graphics-s-d.lib(Glsl.obj) : error LNK2001: Nerozpoznaný externí symbol __imp__CrtDbgReport
sfml-window-s-d.lib(Window.obj) : error LNK2001: Nerozpoznaný externí symbol __imp__CrtDbgReport
sfml-window-s-d.lib(WindowBase.obj) : error LNK2001: Nerozpoznaný externí symbol __imp__CrtDbgReport
sfml-graphics-s-d.lib(GLCheck.obj) : error LNK2001: Nerozpoznaný externí symbol __imp__CrtDbgReport
sfml-graphics-s-d.lib(RenderTextureImplFBO.obj) : error LNK2001: Nerozpoznaný externí symbol __imp__CrtDbgReport
sfml-graphics-s-d.lib(Shader.obj) : error LNK2001: Nerozpoznaný externí symbol __imp__CrtDbgReport
sfml-graphics-s-d.lib(VertexArray.obj) : error LNK2001: Nerozpoznaný externí symbol __imp__CrtDbgReport
sfml-graphics-s-d.lib(Texture.obj) : error LNK2001: Nerozpoznaný externí symbol __imp__CrtDbgReport
sfml-graphics-s-d.lib(RenderTarget.obj) : error LNK2001: Nerozpoznaný externí symbol __imp__CrtDbgReport
sfml-graphics-s-d.lib(Shape.obj) : error LNK2001: Nerozpoznaný externí symbol __imp__CrtDbgReport
sfml-graphics-s-d.lib(Image.obj) : error LNK2001: Nerozpoznaný externí symbol __imp__CrtDbgReport
C:\Users\rousa\Documents\prog\Floppy_Bird\FB\main\x64\Release\main.exe : fatal error LNK1120: Počet nerozpoznaných externích typů: 3
